#! /usr/bin/vvp
:ivl_version "12.0 (stable)";
:ivl_delay_selection "TYPICAL";
:vpi_time_precision - 12;
:vpi_module "/usr/lib/x86_64-linux-gnu/ivl/system.vpi";
:vpi_module "/usr/lib/x86_64-linux-gnu/ivl/vhdl_sys.vpi";
:vpi_module "/usr/lib/x86_64-linux-gnu/ivl/vhdl_textio.vpi";
:vpi_module "/usr/lib/x86_64-linux-gnu/ivl/v2005_math.vpi";
:vpi_module "/usr/lib/x86_64-linux-gnu/ivl/va_math.vpi";
:vpi_module "/usr/lib/x86_64-linux-gnu/ivl/v2009.vpi";
S_0x5ec1f9628350 .scope package, "$unit" "$unit" 2 1;
 .timescale 0 0;
S_0x5ec1f95d9930 .scope module, "BDU_tb" "BDU_tb" 3 5;
 .timescale -9 -12;
v0x5ec1f965ab70_0 .var "b", 5 0;
v0x5ec1f965ac50_0 .var "clk", 0 0;
v0x5ec1f965acf0_0 .var "code", 1 0;
v0x5ec1f965ad90_0 .net "debug", 31 0, L_0x5ec1f9677010;  1 drivers
v0x5ec1f965ae30_0 .net "done", 0 0, L_0x5ec1f9676730;  1 drivers
v0x5ec1f965aed0_0 .net "partial_distance_output", 31 0, L_0x5ec1f96768c0;  1 drivers
v0x5ec1f965afa0_0 .var/2u "q", 31 0;
v0x5ec1f965b040_0 .var "q_bit", 0 0;
v0x5ec1f965b110_0 .var/2u "r", 31 0;
v0x5ec1f965b1b0_0 .var "r_bit", 0 0;
v0x5ec1f965b280_0 .net "ref_coor_x", 31 0, L_0x5ec1f96719c0;  1 drivers
v0x5ec1f965b350_0 .net "ref_coor_y", 31 0, L_0x5ec1f9676dd0;  1 drivers
v0x5ec1f965b420_0 .net "ref_coor_z", 31 0, L_0x5ec1f9676e90;  1 drivers
v0x5ec1f965b4f0_0 .var "rst", 0 0;
v0x5ec1f965b5c0_0 .net "terminate", 0 0, L_0x5ec1f96761a0;  1 drivers
v0x5ec1f965b690_0 .var "threshold", 31 0;
v0x5ec1f965b760_0 .var "valid", 0 0;
E_0x5ec1f95f9bb0 .event negedge, v0x5ec1f96584d0_0;
S_0x5ec1f9627720 .scope begin, "$ivl_for_loop0" "$ivl_for_loop0" 3 82, 3 82 0, S_0x5ec1f95d9930;
 .timescale -9 -12;
v0x5ec1f962f460_0 .var/2s "i", 31 0;
E_0x5ec1f95fbe90 .event posedge, v0x5ec1f96584d0_0;
S_0x5ec1f9627b50 .scope module, "dut" "BDU" 3 27, 4 5 0, S_0x5ec1f95d9930;
 .timescale -9 -12;
    .port_info 0 /INPUT 1 "clk";
    .port_info 1 /INPUT 1 "rst";
    .port_info 2 /INPUT 1 "valid";
    .port_info 3 /INPUT 1 "q_bit";
    .port_info 4 /INPUT 1 "r_bit";
    .port_info 5 /INPUT 2 "code";
    .port_info 6 /INPUT 6 "b";
    .port_info 7 /INPUT 32 "threshold";
    .port_info 8 /OUTPUT 1 "terminate";
    .port_info 9 /OUTPUT 1 "done";
    .port_info 10 /OUTPUT 32 "partial_distance_output";
    .port_info 11 /OUTPUT 32 "ref_coor_x";
    .port_info 12 /OUTPUT 32 "ref_coor_y";
    .port_info 13 /OUTPUT 32 "ref_coor_z";
    .port_info 14 /OUTPUT 32 "debug";
L_0x5ec1f962ef50 .functor NOT 1, L_0x5ec1f965b830, C4<0>, C4<0>, C4<0>;
L_0x5ec1f962f120 .functor AND 1, L_0x5ec1f962ef50, L_0x5ec1f965b950, C4<1>, C4<1>;
L_0x5ec1f9631d20 .functor NOT 1, L_0x5ec1f965bb60, C4<0>, C4<0>, C4<0>;
L_0x5ec1f9631ea0 .functor AND 1, L_0x5ec1f965bac0, L_0x5ec1f9631d20, C4<1>, C4<1>;
L_0x5ec1f962d4d0 .functor AND 1, L_0x5ec1f965bd30, L_0x5ec1f965bdd0, C4<1>, C4<1>;
L_0x5ec1f9631f10 .functor XOR 1, v0x5ec1f965b040_0, v0x5ec1f965b1b0_0, C4<0>, C4<0>;
L_0x5ec1f96336a0 .functor NOT 1, L_0x5ec1f965c030, C4<0>, C4<0>, C4<0>;
L_0x5ec1f965c210 .functor AND 1, L_0x5ec1f96336a0, L_0x5ec1f965c120, C4<1>, C4<1>;
L_0x5ec1f965c370 .functor BUFZ 2, v0x5ec1f965acf0_0, C4<00>, C4<00>, C4<00>;
L_0x5ec1f966c820 .functor NOT 18, L_0x5ec1f966d400, C4<000000000000000000>, C4<000000000000000000>, C4<000000000000000000>;
L_0x7fb3664ce330 .functor BUFT 1, C4<1>, C4<0>, C4<0>, C4<0>;
L_0x5ec1f966da80 .functor XNOR 1, L_0x5ec1f962f120, L_0x7fb3664ce330, C4<0>, C4<0>;
L_0x7fb3664ce378 .functor BUFT 1, C4<1>, C4<0>, C4<0>, C4<0>;
L_0x5ec1f966de40 .functor XNOR 1, L_0x5ec1f9631ea0, L_0x7fb3664ce378, C4<0>, C4<0>;
L_0x7fb3664ce3c0 .functor BUFT 1, C4<1>, C4<0>, C4<0>, C4<0>;
L_0x5ec1f966e1e0 .functor XNOR 1, L_0x5ec1f962d4d0, L_0x7fb3664ce3c0, C4<0>, C4<0>;
L_0x7fb3664ce5b8 .functor BUFT 1, C4<1>, C4<0>, C4<0>, C4<0>;
L_0x5ec1f966e920 .functor XNOR 1, L_0x5ec1f9631f10, L_0x7fb3664ce5b8, C4<0>, C4<0>;
L_0x7fb3664ce690 .functor BUFT 1, C4<1>, C4<0>, C4<0>, C4<0>;
L_0x5ec1f966df50 .functor XNOR 1, L_0x5ec1f965c210, L_0x7fb3664ce690, C4<0>, C4<0>;
L_0x5ec1f966ff10 .functor NOT 18, v0x5ec1f96589d0_0, C4<000000000000000000>, C4<000000000000000000>, C4<000000000000000000>;
L_0x5ec1f96700b0 .functor NOT 18, v0x5ec1f9658b90_0, C4<000000000000000000>, C4<000000000000000000>, C4<000000000000000000>;
L_0x5ec1f9670750 .functor NOT 18, v0x5ec1f9658d50_0, C4<000000000000000000>, C4<000000000000000000>, C4<000000000000000000>;
L_0x5ec1f9670d40 .functor NOT 18, L_0x5ec1f9671790, C4<000000000000000000>, C4<000000000000000000>, C4<000000000000000000>;
L_0x5ec1f96719c0 .functor BUFZ 32, v0x5ec1f9659cd0_0, C4<00000000000000000000000000000000>, C4<00000000000000000000000000000000>, C4<00000000000000000000000000000000>;
L_0x5ec1f9676dd0 .functor BUFZ 32, v0x5ec1f9659db0_0, C4<00000000000000000000000000000000>, C4<00000000000000000000000000000000>, C4<00000000000000000000000000000000>;
L_0x5ec1f9676e90 .functor BUFZ 32, v0x5ec1f9659e90_0, C4<00000000000000000000000000000000>, C4<00000000000000000000000000000000>, C4<00000000000000000000000000000000>;
L_0x5ec1f9677010 .functor BUFZ 32, L_0x5ec1f9675c70, C4<00000000000000000000000000000000>, C4<00000000000000000000000000000000>, C4<00000000000000000000000000000000>;
v0x5ec1f962f730_0 .net "S1", 0 0, L_0x5ec1f962f120;  1 drivers
v0x5ec1f9632890_0 .net "S2", 0 0, L_0x5ec1f9631ea0;  1 drivers
v0x5ec1f9633a60_0 .net "S3", 0 0, L_0x5ec1f962d4d0;  1 drivers
v0x5ec1f962d5f0_0 .net "S4", 0 0, L_0x5ec1f9631f10;  1 drivers
v0x5ec1f964fb70_0 .net "S5", 0 0, L_0x5ec1f965c210;  1 drivers
v0x5ec1f964fc80_0 .net "S6", 1 0, L_0x5ec1f965c370;  1 drivers
v0x5ec1f964fd60_0 .net "S7", 1 0, L_0x5ec1f965c3e0;  1 drivers
v0x5ec1f964fe40_0 .net "S8", 1 0, L_0x5ec1f965c480;  1 drivers
v0x5ec1f964ff20_0 .net *"_ivl_1", 0 0, L_0x5ec1f965b830;  1 drivers
v0x5ec1f9650000_0 .net/2u *"_ivl_102", 0 0, L_0x7fb3664ce3c0;  1 drivers
v0x5ec1f96500e0_0 .net *"_ivl_104", 0 0, L_0x5ec1f966e1e0;  1 drivers
L_0x7fb3664ce408 .functor BUFT 1, C4<01>, C4<0>, C4<0>, C4<0>;
v0x5ec1f96501a0_0 .net/2u *"_ivl_108", 1 0, L_0x7fb3664ce408;  1 drivers
v0x5ec1f9650280_0 .net *"_ivl_11", 0 0, L_0x5ec1f965bb60;  1 drivers
v0x5ec1f9650360_0 .net *"_ivl_110", 0 0, L_0x5ec1f966e430;  1 drivers
L_0x7fb3664ce450 .functor BUFT 1, C4<00000000000000000000000000000000>, C4<0>, C4<0>, C4<0>;
v0x5ec1f9650420_0 .net/2u *"_ivl_112", 31 0, L_0x7fb3664ce450;  1 drivers
v0x5ec1f9650500_0 .net *"_ivl_114", 31 0, L_0x5ec1f966e640;  1 drivers
L_0x7fb3664ce498 .functor BUFT 1, C4<00000000000000>, C4<0>, C4<0>, C4<0>;
v0x5ec1f96505e0_0 .net *"_ivl_117", 13 0, L_0x7fb3664ce498;  1 drivers
v0x5ec1f96506c0_0 .net *"_ivl_118", 31 0, L_0x5ec1f966e880;  1 drivers
v0x5ec1f96507a0_0 .net *"_ivl_12", 0 0, L_0x5ec1f9631d20;  1 drivers
L_0x7fb3664ce4e0 .functor BUFT 1, C4<10>, C4<0>, C4<0>, C4<0>;
v0x5ec1f9650880_0 .net/2u *"_ivl_120", 1 0, L_0x7fb3664ce4e0;  1 drivers
v0x5ec1f9650960_0 .net *"_ivl_122", 0 0, L_0x5ec1f966eb30;  1 drivers
v0x5ec1f9650a20_0 .net *"_ivl_124", 31 0, L_0x5ec1f966ec20;  1 drivers
L_0x7fb3664ce528 .functor BUFT 1, C4<00000000000000>, C4<0>, C4<0>, C4<0>;
v0x5ec1f9650b00_0 .net *"_ivl_127", 13 0, L_0x7fb3664ce528;  1 drivers
L_0x7fb3664ce570 .functor BUFT 1, C4<00000000000000000000000000000000>, C4<0>, C4<0>, C4<0>;
v0x5ec1f9650be0_0 .net/2u *"_ivl_128", 31 0, L_0x7fb3664ce570;  1 drivers
v0x5ec1f9650cc0_0 .net *"_ivl_130", 31 0, L_0x5ec1f966ee20;  1 drivers
v0x5ec1f9650da0_0 .net/2u *"_ivl_134", 0 0, L_0x7fb3664ce5b8;  1 drivers
v0x5ec1f9650e80_0 .net *"_ivl_136", 0 0, L_0x5ec1f966e920;  1 drivers
L_0x7fb3664ce600 .functor BUFT 1, C4<00000000000000000000000000000001>, C4<0>, C4<0>, C4<0>;
v0x5ec1f9650f40_0 .net/2u *"_ivl_138", 31 0, L_0x7fb3664ce600;  1 drivers
L_0x7fb3664ce648 .functor BUFT 1, C4<00000000000000000000000000000000>, C4<0>, C4<0>, C4<0>;
v0x5ec1f9651020_0 .net/2u *"_ivl_140", 31 0, L_0x7fb3664ce648;  1 drivers
v0x5ec1f9651100_0 .net/2u *"_ivl_144", 0 0, L_0x7fb3664ce690;  1 drivers
v0x5ec1f96511e0_0 .net *"_ivl_146", 0 0, L_0x5ec1f966df50;  1 drivers
v0x5ec1f96512a0_0 .net *"_ivl_148", 31 0, L_0x5ec1f966f5b0;  1 drivers
L_0x7fb3664ce6d8 .functor BUFT 1, C4<00000000000000>, C4<0>, C4<0>, C4<0>;
v0x5ec1f9651380_0 .net *"_ivl_151", 13 0, L_0x7fb3664ce6d8;  1 drivers
v0x5ec1f9651670_0 .net *"_ivl_152", 31 0, L_0x5ec1f966f7d0;  1 drivers
v0x5ec1f9651750_0 .net *"_ivl_154", 29 0, L_0x5ec1f966f0a0;  1 drivers
L_0x7fb3664ce720 .functor BUFT 1, C4<00>, C4<0>, C4<0>, C4<0>;
v0x5ec1f9651830_0 .net *"_ivl_156", 1 0, L_0x7fb3664ce720;  1 drivers
v0x5ec1f9651910_0 .net *"_ivl_158", 31 0, L_0x5ec1f966fa50;  1 drivers
L_0x7fb3664ce768 .functor BUFT 1, C4<00000000000000>, C4<0>, C4<0>, C4<0>;
v0x5ec1f96519f0_0 .net *"_ivl_161", 13 0, L_0x7fb3664ce768;  1 drivers
v0x5ec1f9651ad0_0 .net *"_ivl_165", 0 0, L_0x5ec1f966fe70;  1 drivers
v0x5ec1f9651bb0_0 .net *"_ivl_166", 17 0, L_0x5ec1f966ff10;  1 drivers
L_0x7fb3664ce7b0 .functor BUFT 1, C4<000000000000000001>, C4<0>, C4<0>, C4<0>;
v0x5ec1f9651c90_0 .net/2u *"_ivl_168", 17 0, L_0x7fb3664ce7b0;  1 drivers
v0x5ec1f9651d70_0 .net *"_ivl_17", 0 0, L_0x5ec1f965bd30;  1 drivers
v0x5ec1f9651e50_0 .net *"_ivl_170", 17 0, L_0x5ec1f9670010;  1 drivers
v0x5ec1f9651f30_0 .net *"_ivl_175", 0 0, L_0x5ec1f9670410;  1 drivers
v0x5ec1f9652010_0 .net *"_ivl_176", 17 0, L_0x5ec1f96700b0;  1 drivers
L_0x7fb3664ce7f8 .functor BUFT 1, C4<000000000000000001>, C4<0>, C4<0>, C4<0>;
v0x5ec1f96520f0_0 .net/2u *"_ivl_178", 17 0, L_0x7fb3664ce7f8;  1 drivers
v0x5ec1f96521d0_0 .net *"_ivl_180", 17 0, L_0x5ec1f96706b0;  1 drivers
v0x5ec1f96522b0_0 .net *"_ivl_185", 0 0, L_0x5ec1f9670ad0;  1 drivers
v0x5ec1f9652390_0 .net *"_ivl_186", 17 0, L_0x5ec1f9670750;  1 drivers
L_0x7fb3664ce840 .functor BUFT 1, C4<000000000000000001>, C4<0>, C4<0>, C4<0>;
v0x5ec1f9652470_0 .net/2u *"_ivl_188", 17 0, L_0x7fb3664ce840;  1 drivers
v0x5ec1f9652550_0 .net *"_ivl_19", 0 0, L_0x5ec1f965bdd0;  1 drivers
v0x5ec1f9652630_0 .net *"_ivl_190", 17 0, L_0x5ec1f9670ca0;  1 drivers
v0x5ec1f9652710_0 .net *"_ivl_194", 17 0, L_0x5ec1f96710d0;  1 drivers
v0x5ec1f96527f0_0 .net *"_ivl_198", 17 0, L_0x5ec1f9671790;  1 drivers
v0x5ec1f96528d0_0 .net *"_ivl_2", 0 0, L_0x5ec1f962ef50;  1 drivers
v0x5ec1f96529b0_0 .net *"_ivl_200", 16 0, L_0x5ec1f96714f0;  1 drivers
L_0x7fb3664ce888 .functor BUFT 1, C4<0>, C4<0>, C4<0>, C4<0>;
v0x5ec1f9652a90_0 .net *"_ivl_202", 0 0, L_0x7fb3664ce888;  1 drivers
v0x5ec1f9652b70_0 .net *"_ivl_204", 17 0, L_0x5ec1f9670d40;  1 drivers
L_0x7fb3664ce8d0 .functor BUFT 1, C4<000000000000000001>, C4<0>, C4<0>, C4<0>;
v0x5ec1f9652c50_0 .net/2u *"_ivl_206", 17 0, L_0x7fb3664ce8d0;  1 drivers
v0x5ec1f9652d30_0 .net *"_ivl_210", 31 0, L_0x5ec1f9671c90;  1 drivers
L_0x7fb3664ce918 .functor BUFT 1, C4<00000000000000>, C4<0>, C4<0>, C4<0>;
v0x5ec1f9652e10_0 .net *"_ivl_213", 13 0, L_0x7fb3664ce918;  1 drivers
L_0x7fb3664ce960 .functor BUFT 1, C4<00000000000000000000000000000000>, C4<0>, C4<0>, C4<0>;
v0x5ec1f9652ef0_0 .net/2u *"_ivl_214", 31 0, L_0x7fb3664ce960;  1 drivers
v0x5ec1f9652fd0_0 .net *"_ivl_216", 0 0, L_0x5ec1f9671d80;  1 drivers
L_0x7fb3664ce9a8 .functor BUFT 1, C4<000000000000000000>, C4<0>, C4<0>, C4<0>;
v0x5ec1f9653090_0 .net/2s *"_ivl_218", 17 0, L_0x7fb3664ce9a8;  1 drivers
L_0x7fb3664ce9f0 .functor BUFT 1, C4<000000000000000001>, C4<0>, C4<0>, C4<0>;
v0x5ec1f9653170_0 .net/2s *"_ivl_220", 17 0, L_0x7fb3664ce9f0;  1 drivers
v0x5ec1f9653660_0 .net *"_ivl_224", 31 0, L_0x5ec1f9672220;  1 drivers
L_0x7fb3664cea38 .functor BUFT 1, C4<00000000000000>, C4<0>, C4<0>, C4<0>;
v0x5ec1f9653740_0 .net *"_ivl_227", 13 0, L_0x7fb3664cea38;  1 drivers
L_0x7fb3664cea80 .functor BUFT 1, C4<00000000000000000000000000000000>, C4<0>, C4<0>, C4<0>;
v0x5ec1f9653820_0 .net/2u *"_ivl_228", 31 0, L_0x7fb3664cea80;  1 drivers
v0x5ec1f9653900_0 .net *"_ivl_230", 0 0, L_0x5ec1f96724f0;  1 drivers
L_0x7fb3664ceac8 .functor BUFT 1, C4<000000000000000000>, C4<0>, C4<0>, C4<0>;
v0x5ec1f96539c0_0 .net/2s *"_ivl_232", 17 0, L_0x7fb3664ceac8;  1 drivers
L_0x7fb3664ceb10 .functor BUFT 1, C4<000000000000000001>, C4<0>, C4<0>, C4<0>;
v0x5ec1f9653aa0_0 .net/2s *"_ivl_234", 17 0, L_0x7fb3664ceb10;  1 drivers
v0x5ec1f9653b80_0 .net *"_ivl_238", 31 0, L_0x5ec1f96729b0;  1 drivers
L_0x7fb3664ceb58 .functor BUFT 1, C4<00000000000000>, C4<0>, C4<0>, C4<0>;
v0x5ec1f9653c60_0 .net *"_ivl_241", 13 0, L_0x7fb3664ceb58;  1 drivers
L_0x7fb3664ceba0 .functor BUFT 1, C4<00000000000000000000000000000000>, C4<0>, C4<0>, C4<0>;
v0x5ec1f9653d40_0 .net/2u *"_ivl_242", 31 0, L_0x7fb3664ceba0;  1 drivers
v0x5ec1f9653e20_0 .net *"_ivl_244", 0 0, L_0x5ec1f9672aa0;  1 drivers
L_0x7fb3664cebe8 .functor BUFT 1, C4<000000000000000000>, C4<0>, C4<0>, C4<0>;
v0x5ec1f9653ee0_0 .net/2s *"_ivl_246", 17 0, L_0x7fb3664cebe8;  1 drivers
L_0x7fb3664cec30 .functor BUFT 1, C4<000000000000000001>, C4<0>, C4<0>, C4<0>;
v0x5ec1f9653fc0_0 .net/2s *"_ivl_248", 17 0, L_0x7fb3664cec30;  1 drivers
v0x5ec1f96540a0_0 .net *"_ivl_25", 0 0, L_0x5ec1f965c030;  1 drivers
v0x5ec1f9654180_0 .net *"_ivl_252", 31 0, L_0x5ec1f9672f70;  1 drivers
L_0x7fb3664cec78 .functor BUFT 1, C4<00000000000000>, C4<0>, C4<0>, C4<0>;
v0x5ec1f9654260_0 .net *"_ivl_255", 13 0, L_0x7fb3664cec78;  1 drivers
v0x5ec1f9654340_0 .net *"_ivl_256", 31 0, L_0x5ec1f9673270;  1 drivers
L_0x7fb3664cecc0 .functor BUFT 1, C4<00000000000000>, C4<0>, C4<0>, C4<0>;
v0x5ec1f9654420_0 .net *"_ivl_259", 13 0, L_0x7fb3664cecc0;  1 drivers
v0x5ec1f9654500_0 .net *"_ivl_26", 0 0, L_0x5ec1f96336a0;  1 drivers
v0x5ec1f96545e0_0 .net *"_ivl_260", 31 0, L_0x5ec1f96733b0;  1 drivers
v0x5ec1f96546c0_0 .net *"_ivl_262", 31 0, L_0x5ec1f9673710;  1 drivers
L_0x7fb3664ced08 .functor BUFT 1, C4<00000000000000>, C4<0>, C4<0>, C4<0>;
v0x5ec1f96547a0_0 .net *"_ivl_265", 13 0, L_0x7fb3664ced08;  1 drivers
v0x5ec1f9654880_0 .net *"_ivl_266", 31 0, L_0x5ec1f9673850;  1 drivers
v0x5ec1f9654960_0 .net *"_ivl_268", 31 0, L_0x5ec1f9673bc0;  1 drivers
L_0x7fb3664ced50 .functor BUFT 1, C4<00000000000000>, C4<0>, C4<0>, C4<0>;
v0x5ec1f9654a40_0 .net *"_ivl_271", 13 0, L_0x7fb3664ced50;  1 drivers
v0x5ec1f9654b20_0 .net *"_ivl_272", 31 0, L_0x5ec1f9673d00;  1 drivers
v0x5ec1f9654c00_0 .net *"_ivl_274", 31 0, L_0x5ec1f9674080;  1 drivers
L_0x7fb3664ced98 .functor BUFT 1, C4<00000000000000>, C4<0>, C4<0>, C4<0>;
v0x5ec1f9654ce0_0 .net *"_ivl_277", 13 0, L_0x7fb3664ced98;  1 drivers
v0x5ec1f9654dc0_0 .net *"_ivl_278", 31 0, L_0x5ec1f96744b0;  1 drivers
v0x5ec1f9654ea0_0 .net *"_ivl_280", 30 0, L_0x5ec1f9674170;  1 drivers
L_0x7fb3664cede0 .functor BUFT 1, C4<0>, C4<0>, C4<0>, C4<0>;
v0x5ec1f9654f80_0 .net *"_ivl_282", 0 0, L_0x7fb3664cede0;  1 drivers
L_0x7fb3664cee28 .functor BUFT 1, C4<0100000>, C4<0>, C4<0>, C4<0>;
v0x5ec1f9655060_0 .net/2u *"_ivl_286", 6 0, L_0x7fb3664cee28;  1 drivers
v0x5ec1f9655140_0 .net *"_ivl_288", 6 0, L_0x5ec1f9674990;  1 drivers
v0x5ec1f9655220_0 .net *"_ivl_29", 0 0, L_0x5ec1f965c120;  1 drivers
L_0x7fb3664cee70 .functor BUFT 1, C4<0>, C4<0>, C4<0>, C4<0>;
v0x5ec1f9655300_0 .net *"_ivl_291", 0 0, L_0x7fb3664cee70;  1 drivers
v0x5ec1f96553e0_0 .net *"_ivl_292", 6 0, L_0x5ec1f9674ad0;  1 drivers
L_0x7fb3664ceeb8 .functor BUFT 1, C4<0000010>, C4<0>, C4<0>, C4<0>;
v0x5ec1f96554c0_0 .net/2u *"_ivl_294", 6 0, L_0x7fb3664ceeb8;  1 drivers
v0x5ec1f96555a0_0 .net *"_ivl_297", 6 0, L_0x5ec1f9674e80;  1 drivers
v0x5ec1f9655680_0 .net *"_ivl_302", 31 0, L_0x5ec1f9675470;  1 drivers
L_0x7fb3664cef00 .functor BUFT 1, C4<00000000000000>, C4<0>, C4<0>, C4<0>;
v0x5ec1f9655760_0 .net *"_ivl_305", 13 0, L_0x7fb3664cef00;  1 drivers
v0x5ec1f9655840_0 .net *"_ivl_306", 0 0, L_0x5ec1f96757a0;  1 drivers
v0x5ec1f9655900_0 .net *"_ivl_308", 31 0, L_0x5ec1f96758e0;  1 drivers
L_0x7fb3664cef48 .functor BUFT 1, C4<00000000000000>, C4<0>, C4<0>, C4<0>;
v0x5ec1f96559e0_0 .net *"_ivl_311", 13 0, L_0x7fb3664cef48;  1 drivers
v0x5ec1f9655ac0_0 .net *"_ivl_314", 0 0, L_0x5ec1f9675db0;  1 drivers
L_0x7fb3664cef90 .functor BUFT 1, C4<1>, C4<0>, C4<0>, C4<0>;
v0x5ec1f9655b80_0 .net/2u *"_ivl_316", 0 0, L_0x7fb3664cef90;  1 drivers
L_0x7fb3664cefd8 .functor BUFT 1, C4<0>, C4<0>, C4<0>, C4<0>;
v0x5ec1f9655c60_0 .net/2u *"_ivl_318", 0 0, L_0x7fb3664cefd8;  1 drivers
v0x5ec1f9655d40_0 .net *"_ivl_322", 31 0, L_0x5ec1f9676380;  1 drivers
L_0x7fb3664cf020 .functor BUFT 1, C4<00000000000000000000000>, C4<0>, C4<0>, C4<0>;
v0x5ec1f9655e20_0 .net *"_ivl_325", 22 0, L_0x7fb3664cf020;  1 drivers
L_0x7fb3664cf068 .functor BUFT 1, C4<00000000000000000000000001100000>, C4<0>, C4<0>, C4<0>;
v0x5ec1f9655f00_0 .net/2u *"_ivl_326", 31 0, L_0x7fb3664cf068;  1 drivers
L_0x7fb3664cf0b0 .functor BUFT 1, C4<00000000000000>, C4<0>, C4<0>, C4<0>;
v0x5ec1f9655fe0_0 .net *"_ivl_333", 13 0, L_0x7fb3664cf0b0;  1 drivers
L_0x7fb3664ce018 .functor BUFT 1, C4<01>, C4<0>, C4<0>, C4<0>;
v0x5ec1f96560c0_0 .net/2u *"_ivl_38", 1 0, L_0x7fb3664ce018;  1 drivers
v0x5ec1f96561a0_0 .net *"_ivl_40", 0 0, L_0x5ec1f965c640;  1 drivers
L_0x7fb3664ce060 .functor BUFT 1, C4<111111111111111111>, C4<0>, C4<0>, C4<0>;
v0x5ec1f9656260_0 .net/2s *"_ivl_42", 17 0, L_0x7fb3664ce060;  1 drivers
L_0x7fb3664ce0a8 .functor BUFT 1, C4<10>, C4<0>, C4<0>, C4<0>;
v0x5ec1f9656340_0 .net/2u *"_ivl_44", 1 0, L_0x7fb3664ce0a8;  1 drivers
v0x5ec1f9656420_0 .net *"_ivl_46", 0 0, L_0x5ec1f966c750;  1 drivers
L_0x7fb3664ce0f0 .functor BUFT 1, C4<000000000000000001>, C4<0>, C4<0>, C4<0>;
v0x5ec1f96564e0_0 .net/2s *"_ivl_48", 17 0, L_0x7fb3664ce0f0;  1 drivers
v0x5ec1f96565c0_0 .net *"_ivl_5", 0 0, L_0x5ec1f965b950;  1 drivers
L_0x7fb3664ce138 .functor BUFT 1, C4<000000000000000000>, C4<0>, C4<0>, C4<0>;
v0x5ec1f96566a0_0 .net/2s *"_ivl_50", 17 0, L_0x7fb3664ce138;  1 drivers
v0x5ec1f9656780_0 .net *"_ivl_52", 17 0, L_0x5ec1f966c910;  1 drivers
L_0x7fb3664ce180 .functor BUFT 1, C4<01>, C4<0>, C4<0>, C4<0>;
v0x5ec1f9656860_0 .net/2u *"_ivl_56", 1 0, L_0x7fb3664ce180;  1 drivers
v0x5ec1f9656940_0 .net *"_ivl_58", 0 0, L_0x5ec1f966ccb0;  1 drivers
L_0x7fb3664ce1c8 .functor BUFT 1, C4<10>, C4<0>, C4<0>, C4<0>;
v0x5ec1f9656a00_0 .net/2u *"_ivl_60", 1 0, L_0x7fb3664ce1c8;  1 drivers
v0x5ec1f9656ae0_0 .net *"_ivl_62", 0 0, L_0x5ec1f966cdf0;  1 drivers
L_0x7fb3664ce210 .functor BUFT 1, C4<11>, C4<0>, C4<0>, C4<0>;
v0x5ec1f9656ba0_0 .net/2u *"_ivl_64", 1 0, L_0x7fb3664ce210;  1 drivers
v0x5ec1f9656c80_0 .net *"_ivl_66", 0 0, L_0x5ec1f966cf70;  1 drivers
L_0x7fb3664ce258 .functor BUFT 1, C4<000000000000000000>, C4<0>, C4<0>, C4<0>;
v0x5ec1f9657550_0 .net/2u *"_ivl_68", 17 0, L_0x7fb3664ce258;  1 drivers
v0x5ec1f9657630_0 .net *"_ivl_70", 17 0, L_0x5ec1f966d130;  1 drivers
v0x5ec1f9657710_0 .net *"_ivl_72", 17 0, L_0x5ec1f966d2c0;  1 drivers
v0x5ec1f96577f0_0 .net *"_ivl_76", 17 0, L_0x5ec1f966d640;  1 drivers
v0x5ec1f96578d0_0 .net *"_ivl_78", 16 0, L_0x5ec1f966d1d0;  1 drivers
L_0x7fb3664ce2a0 .functor BUFT 1, C4<0>, C4<0>, C4<0>, C4<0>;
v0x5ec1f96579b0_0 .net *"_ivl_80", 0 0, L_0x7fb3664ce2a0;  1 drivers
v0x5ec1f9657a90_0 .net *"_ivl_84", 17 0, L_0x5ec1f966c820;  1 drivers
L_0x7fb3664ce2e8 .functor BUFT 1, C4<000000000000000001>, C4<0>, C4<0>, C4<0>;
v0x5ec1f9657b70_0 .net/2u *"_ivl_86", 17 0, L_0x7fb3664ce2e8;  1 drivers
v0x5ec1f9657c50_0 .net *"_ivl_9", 0 0, L_0x5ec1f965bac0;  1 drivers
v0x5ec1f9657d30_0 .net/2u *"_ivl_90", 0 0, L_0x7fb3664ce330;  1 drivers
v0x5ec1f9657e10_0 .net *"_ivl_92", 0 0, L_0x5ec1f966da80;  1 drivers
v0x5ec1f9657ed0_0 .net/2u *"_ivl_96", 0 0, L_0x7fb3664ce378;  1 drivers
v0x5ec1f9657fb0_0 .net *"_ivl_98", 0 0, L_0x5ec1f966de40;  1 drivers
v0x5ec1f9658070_0 .net "abs_f_x", 17 0, L_0x5ec1f96702d0;  1 drivers
v0x5ec1f9658150_0 .net "abs_f_y", 17 0, L_0x5ec1f9670810;  1 drivers
v0x5ec1f9658230_0 .net "abs_f_z", 17 0, L_0x5ec1f9670f90;  1 drivers
v0x5ec1f9658310_0 .net "accumulate", 17 0, L_0x5ec1f966d840;  1 drivers
v0x5ec1f96583f0_0 .net "b", 5 0, v0x5ec1f965ab70_0;  1 drivers
v0x5ec1f96584d0_0 .net "clk", 0 0, v0x5ec1f965ac50_0;  1 drivers
v0x5ec1f9658590_0 .net "code", 1 0, v0x5ec1f965acf0_0;  1 drivers
v0x5ec1f9658670_0 .var "ctr", 8 0;
v0x5ec1f9658750_0 .net "curr_lower_bound", 31 0, L_0x5ec1f9675c70;  1 drivers
v0x5ec1f9658830_0 .net "debug", 31 0, L_0x5ec1f9677010;  alias, 1 drivers
v0x5ec1f9658910_0 .net "done", 0 0, L_0x5ec1f9676730;  alias, 1 drivers
v0x5ec1f96589d0_0 .var "f_x", 17 0;
v0x5ec1f9658ab0_0 .net "f_x_Iszero", 17 0, L_0x5ec1f9672090;  1 drivers
v0x5ec1f9658b90_0 .var "f_y", 17 0;
v0x5ec1f9658c70_0 .net "f_y_Iszero", 17 0, L_0x5ec1f9672630;  1 drivers
v0x5ec1f9658d50_0 .var "f_z", 17 0;
v0x5ec1f9658e30_0 .net "f_z_Iszero", 17 0, L_0x5ec1f9672de0;  1 drivers
v0x5ec1f9658f10_0 .net "mux1", 17 0, L_0x5ec1f966dcb0;  1 drivers
v0x5ec1f9658ff0_0 .net "mux2", 17 0, L_0x5ec1f966dfc0;  1 drivers
v0x5ec1f96590d0_0 .net "mux3", 17 0, L_0x5ec1f966e2f0;  1 drivers
v0x5ec1f96591b0_0 .net "mux4", 31 0, L_0x5ec1f966f380;  1 drivers
v0x5ec1f9659290_0 .net "mux5", 31 0, L_0x5ec1f966fb90;  1 drivers
v0x5ec1f9659370_0 .net "mux6", 17 0, L_0x5ec1f966d400;  1 drivers
v0x5ec1f9659450_0 .net "mux7", 17 0, L_0x5ec1f966caa0;  1 drivers
v0x5ec1f9659530_0 .net "mux8", 31 0, L_0x5ec1f966efb0;  1 drivers
v0x5ec1f9659610_0 .net "neg_f", 17 0, L_0x5ec1f966d9e0;  1 drivers
v0x5ec1f96596f0_0 .var "partial_dist2", 17 0;
v0x5ec1f96597d0_0 .net "partial_distance_output", 31 0, L_0x5ec1f96768c0;  alias, 1 drivers
v0x5ec1f96598b0_0 .net "q_bit", 0 0, v0x5ec1f965b040_0;  1 drivers
v0x5ec1f9659970_0 .var "q_x", 31 0;
v0x5ec1f9659a50_0 .var "q_y", 31 0;
v0x5ec1f9659b30_0 .var "q_z", 31 0;
v0x5ec1f9659c10_0 .net "r_bit", 0 0, v0x5ec1f965b1b0_0;  1 drivers
v0x5ec1f9659cd0_0 .var "r_x", 31 0;
v0x5ec1f9659db0_0 .var "r_y", 31 0;
v0x5ec1f9659e90_0 .var "r_z", 31 0;
v0x5ec1f9659f70_0 .net "ref_coor_x", 31 0, L_0x5ec1f96719c0;  alias, 1 drivers
v0x5ec1f965a050_0 .net "ref_coor_y", 31 0, L_0x5ec1f9676dd0;  alias, 1 drivers
v0x5ec1f965a130_0 .net "ref_coor_z", 31 0, L_0x5ec1f9676e90;  alias, 1 drivers
v0x5ec1f965a210_0 .net "rst", 0 0, v0x5ec1f965b4f0_0;  1 drivers
v0x5ec1f965a2d0_0 .net "shiftNeg", 17 0, L_0x5ec1f9671920;  1 drivers
v0x5ec1f965a3b0_0 .net "shift_amt", 5 0, L_0x5ec1f9674fc0;  1 drivers
v0x5ec1f965a490_0 .net "shifted_sum", 31 0, L_0x5ec1f9675330;  1 drivers
v0x5ec1f965a570_0 .net "sumOfAbs", 17 0, L_0x5ec1f96713b0;  1 drivers
v0x5ec1f965a650_0 .net "sum_to_shift", 31 0, L_0x5ec1f96745f0;  1 drivers
v0x5ec1f965a730_0 .net "terminate", 0 0, L_0x5ec1f96761a0;  alias, 1 drivers
v0x5ec1f965a7f0_0 .net "threshold", 31 0, v0x5ec1f965b690_0;  1 drivers
v0x5ec1f965a8d0_0 .net "valid", 0 0, v0x5ec1f965b760_0;  1 drivers
L_0x5ec1f965b830 .part v0x5ec1f965acf0_0, 1, 1;
L_0x5ec1f965b950 .part v0x5ec1f965acf0_0, 0, 1;
L_0x5ec1f965bac0 .part v0x5ec1f965acf0_0, 1, 1;
L_0x5ec1f965bb60 .part v0x5ec1f965acf0_0, 0, 1;
L_0x5ec1f965bd30 .part v0x5ec1f965acf0_0, 1, 1;
L_0x5ec1f965bdd0 .part v0x5ec1f965acf0_0, 0, 1;
L_0x5ec1f965c030 .part v0x5ec1f965acf0_0, 1, 1;
L_0x5ec1f965c120 .part v0x5ec1f965acf0_0, 0, 1;
L_0x5ec1f965c3e0 .concat [ 1 1 0 0], v0x5ec1f965b1b0_0, v0x5ec1f965b040_0;
L_0x5ec1f965c480 .concat [ 1 1 0 0], v0x5ec1f965b1b0_0, v0x5ec1f965b040_0;
L_0x5ec1f965c640 .cmp/eq 2, L_0x5ec1f965c3e0, L_0x7fb3664ce018;
L_0x5ec1f966c750 .cmp/eq 2, L_0x5ec1f965c3e0, L_0x7fb3664ce0a8;
L_0x5ec1f966c910 .functor MUXZ 18, L_0x7fb3664ce138, L_0x7fb3664ce0f0, L_0x5ec1f966c750, C4<>;
L_0x5ec1f966caa0 .functor MUXZ 18, L_0x5ec1f966c910, L_0x7fb3664ce060, L_0x5ec1f965c640, C4<>;
L_0x5ec1f966ccb0 .cmp/eq 2, L_0x5ec1f965c370, L_0x7fb3664ce180;
L_0x5ec1f966cdf0 .cmp/eq 2, L_0x5ec1f965c370, L_0x7fb3664ce1c8;
L_0x5ec1f966cf70 .cmp/eq 2, L_0x5ec1f965c370, L_0x7fb3664ce210;
L_0x5ec1f966d130 .functor MUXZ 18, L_0x7fb3664ce258, v0x5ec1f9658d50_0, L_0x5ec1f966cf70, C4<>;
L_0x5ec1f966d2c0 .functor MUXZ 18, L_0x5ec1f966d130, v0x5ec1f9658b90_0, L_0x5ec1f966cdf0, C4<>;
L_0x5ec1f966d400 .functor MUXZ 18, L_0x5ec1f966d2c0, v0x5ec1f96589d0_0, L_0x5ec1f966ccb0, C4<>;
L_0x5ec1f966d1d0 .part L_0x5ec1f966d400, 0, 17;
L_0x5ec1f966d640 .concat [ 1 17 0 0], L_0x7fb3664ce2a0, L_0x5ec1f966d1d0;
L_0x5ec1f966d840 .arith/sum 18, L_0x5ec1f966d640, L_0x5ec1f966caa0;
L_0x5ec1f966d9e0 .arith/sum 18, L_0x5ec1f966c820, L_0x7fb3664ce2e8;
L_0x5ec1f966dcb0 .functor MUXZ 18, v0x5ec1f96589d0_0, L_0x5ec1f966d840, L_0x5ec1f966da80, C4<>;
L_0x5ec1f966dfc0 .functor MUXZ 18, v0x5ec1f9658b90_0, L_0x5ec1f966d840, L_0x5ec1f966de40, C4<>;
L_0x5ec1f966e2f0 .functor MUXZ 18, v0x5ec1f9658d50_0, L_0x5ec1f966d840, L_0x5ec1f966e1e0, C4<>;
L_0x5ec1f966e430 .cmp/eq 2, L_0x5ec1f965c480, L_0x7fb3664ce408;
L_0x5ec1f966e640 .concat [ 18 14 0 0], L_0x5ec1f966d400, L_0x7fb3664ce498;
L_0x5ec1f966e880 .arith/sub 32, L_0x7fb3664ce450, L_0x5ec1f966e640;
L_0x5ec1f966eb30 .cmp/eq 2, L_0x5ec1f965c480, L_0x7fb3664ce4e0;
L_0x5ec1f966ec20 .concat [ 18 14 0 0], L_0x5ec1f966d400, L_0x7fb3664ce528;
L_0x5ec1f966ee20 .functor MUXZ 32, L_0x7fb3664ce570, L_0x5ec1f966ec20, L_0x5ec1f966eb30, C4<>;
L_0x5ec1f966efb0 .functor MUXZ 32, L_0x5ec1f966ee20, L_0x5ec1f966e880, L_0x5ec1f966e430, C4<>;
L_0x5ec1f966f380 .functor MUXZ 32, L_0x7fb3664ce648, L_0x7fb3664ce600, L_0x5ec1f966e920, C4<>;
L_0x5ec1f966f5b0 .concat [ 18 14 0 0], v0x5ec1f96596f0_0, L_0x7fb3664ce6d8;
L_0x5ec1f966f0a0 .part L_0x5ec1f966f5b0, 0, 30;
L_0x5ec1f966f7d0 .concat [ 2 30 0 0], L_0x7fb3664ce720, L_0x5ec1f966f0a0;
L_0x5ec1f966fa50 .concat [ 18 14 0 0], v0x5ec1f96596f0_0, L_0x7fb3664ce768;
L_0x5ec1f966fb90 .functor MUXZ 32, L_0x5ec1f966fa50, L_0x5ec1f966f7d0, L_0x5ec1f966df50, C4<>;
L_0x5ec1f966fe70 .part v0x5ec1f96589d0_0, 17, 1;
L_0x5ec1f9670010 .arith/sum 18, L_0x5ec1f966ff10, L_0x7fb3664ce7b0;
L_0x5ec1f96702d0 .functor MUXZ 18, v0x5ec1f96589d0_0, L_0x5ec1f9670010, L_0x5ec1f966fe70, C4<>;
L_0x5ec1f9670410 .part v0x5ec1f9658b90_0, 17, 1;
L_0x5ec1f96706b0 .arith/sum 18, L_0x5ec1f96700b0, L_0x7fb3664ce7f8;
L_0x5ec1f9670810 .functor MUXZ 18, v0x5ec1f9658b90_0, L_0x5ec1f96706b0, L_0x5ec1f9670410, C4<>;
L_0x5ec1f9670ad0 .part v0x5ec1f9658d50_0, 17, 1;
L_0x5ec1f9670ca0 .arith/sum 18, L_0x5ec1f9670750, L_0x7fb3664ce840;
L_0x5ec1f9670f90 .functor MUXZ 18, v0x5ec1f9658d50_0, L_0x5ec1f9670ca0, L_0x5ec1f9670ad0, C4<>;
L_0x5ec1f96710d0 .arith/sum 18, L_0x5ec1f96702d0, L_0x5ec1f9670810;
L_0x5ec1f96713b0 .arith/sum 18, L_0x5ec1f96710d0, L_0x5ec1f9670f90;
L_0x5ec1f96714f0 .part L_0x5ec1f96713b0, 0, 17;
L_0x5ec1f9671790 .concat [ 1 17 0 0], L_0x7fb3664ce888, L_0x5ec1f96714f0;
L_0x5ec1f9671920 .arith/sum 18, L_0x5ec1f9670d40, L_0x7fb3664ce8d0;
L_0x5ec1f9671c90 .concat [ 18 14 0 0], v0x5ec1f96589d0_0, L_0x7fb3664ce918;
L_0x5ec1f9671d80 .cmp/eq 32, L_0x5ec1f9671c90, L_0x7fb3664ce960;
L_0x5ec1f9672090 .functor MUXZ 18, L_0x7fb3664ce9f0, L_0x7fb3664ce9a8, L_0x5ec1f9671d80, C4<>;
L_0x5ec1f9672220 .concat [ 18 14 0 0], v0x5ec1f9658b90_0, L_0x7fb3664cea38;
L_0x5ec1f96724f0 .cmp/eq 32, L_0x5ec1f9672220, L_0x7fb3664cea80;
L_0x5ec1f9672630 .functor MUXZ 18, L_0x7fb3664ceb10, L_0x7fb3664ceac8, L_0x5ec1f96724f0, C4<>;
L_0x5ec1f96729b0 .concat [ 18 14 0 0], v0x5ec1f9658d50_0, L_0x7fb3664ceb58;
L_0x5ec1f9672aa0 .cmp/eq 32, L_0x5ec1f96729b0, L_0x7fb3664ceba0;
L_0x5ec1f9672de0 .functor MUXZ 18, L_0x7fb3664cec30, L_0x7fb3664cebe8, L_0x5ec1f9672aa0, C4<>;
L_0x5ec1f9672f70 .concat [ 18 14 0 0], v0x5ec1f96596f0_0, L_0x7fb3664cec78;
L_0x5ec1f9673270 .concat [ 18 14 0 0], L_0x5ec1f9672090, L_0x7fb3664cecc0;
L_0x5ec1f96733b0 .arith/sum 32, L_0x5ec1f9672f70, L_0x5ec1f9673270;
L_0x5ec1f9673710 .concat [ 18 14 0 0], L_0x5ec1f9672630, L_0x7fb3664ced08;
L_0x5ec1f9673850 .arith/sum 32, L_0x5ec1f96733b0, L_0x5ec1f9673710;
L_0x5ec1f9673bc0 .concat [ 18 14 0 0], L_0x5ec1f9672de0, L_0x7fb3664ced50;
L_0x5ec1f9673d00 .arith/sum 32, L_0x5ec1f9673850, L_0x5ec1f9673bc0;
L_0x5ec1f9674080 .concat [ 18 14 0 0], L_0x5ec1f96713b0, L_0x7fb3664ced98;
L_0x5ec1f9674170 .part L_0x5ec1f9674080, 0, 31;
L_0x5ec1f96744b0 .concat [ 1 31 0 0], L_0x7fb3664cede0, L_0x5ec1f9674170;
L_0x5ec1f96745f0 .arith/sub 32, L_0x5ec1f9673d00, L_0x5ec1f96744b0;
L_0x5ec1f9674990 .concat [ 6 1 0 0], v0x5ec1f965ab70_0, L_0x7fb3664cee70;
L_0x5ec1f9674ad0 .arith/sub 7, L_0x7fb3664cee28, L_0x5ec1f9674990;
L_0x5ec1f9674e80 .arith/mult 7, L_0x5ec1f9674ad0, L_0x7fb3664ceeb8;
L_0x5ec1f9674fc0 .part L_0x5ec1f9674e80, 0, 6;
L_0x5ec1f9675330 .shift/l 32, L_0x5ec1f96745f0, L_0x5ec1f9674fc0;
L_0x5ec1f9675470 .concat [ 18 14 0 0], v0x5ec1f96596f0_0, L_0x7fb3664cef00;
L_0x5ec1f96757a0 .cmp/gt 32, L_0x5ec1f9675470, L_0x5ec1f9675330;
L_0x5ec1f96758e0 .concat [ 18 14 0 0], v0x5ec1f96596f0_0, L_0x7fb3664cef48;
L_0x5ec1f9675c70 .functor MUXZ 32, L_0x5ec1f9675330, L_0x5ec1f96758e0, L_0x5ec1f96757a0, C4<>;
L_0x5ec1f9675db0 .cmp/ge 32, L_0x5ec1f9675c70, v0x5ec1f965b690_0;
L_0x5ec1f96761a0 .functor MUXZ 1, L_0x7fb3664cefd8, L_0x7fb3664cef90, L_0x5ec1f9675db0, C4<>;
L_0x5ec1f9676380 .concat [ 9 23 0 0], v0x5ec1f9658670_0, L_0x7fb3664cf020;
L_0x5ec1f9676730 .cmp/eq 32, L_0x5ec1f9676380, L_0x7fb3664cf068;
L_0x5ec1f96768c0 .concat [ 18 14 0 0], v0x5ec1f96596f0_0, L_0x7fb3664cf0b0;
    .scope S_0x5ec1f9627b50;
T_0 ;
    %wait E_0x5ec1f95fbe90;
    %load/vec4 v0x5ec1f965a210_0;
    %flag_set/vec4 8;
    %jmp/0xz  T_0.0, 8;
    %pushi/vec4 0, 0, 18;
    %assign/vec4 v0x5ec1f96589d0_0, 0;
    %pushi/vec4 0, 0, 18;
    %assign/vec4 v0x5ec1f9658b90_0, 0;
    %pushi/vec4 0, 0, 18;
    %assign/vec4 v0x5ec1f9658d50_0, 0;
    %pushi/vec4 0, 0, 18;
    %assign/vec4 v0x5ec1f96596f0_0, 0;
    %pushi/vec4 0, 0, 32;
    %assign/vec4 v0x5ec1f9659970_0, 0;
    %pushi/vec4 0, 0, 32;
    %assign/vec4 v0x5ec1f9659a50_0, 0;
    %pushi/vec4 0, 0, 32;
    %assign/vec4 v0x5ec1f9659b30_0, 0;
    %pushi/vec4 0, 0, 32;
    %assign/vec4 v0x5ec1f9659cd0_0, 0;
    %pushi/vec4 0, 0, 32;
    %assign/vec4 v0x5ec1f9659db0_0, 0;
    %pushi/vec4 0, 0, 32;
    %assign/vec4 v0x5ec1f9659e90_0, 0;
    %pushi/vec4 0, 0, 9;
    %assign/vec4 v0x5ec1f9658670_0, 0;
    %jmp T_0.1;
T_0.0 ;
    %load/vec4 v0x5ec1f965a730_0;
    %flag_set/vec4 8;
    %jmp/1 T_0.4, 8;
    %load/vec4 v0x5ec1f9658910_0;
    %flag_set/vec4 9;
    %flag_or 8, 9;
T_0.4;
    %jmp/0 T_0.2, 8;
    %pushi/vec4 0, 0, 18;
    %jmp/1 T_0.3, 8;
T_0.2 ; End of true expr.
    %load/vec4 v0x5ec1f965a8d0_0;
    %flag_set/vec4 9;
    %jmp/0 T_0.5, 9;
    %load/vec4 v0x5ec1f9658f10_0;
    %jmp/1 T_0.6, 9;
T_0.5 ; End of true expr.
    %load/vec4 v0x5ec1f96589d0_0;
    %jmp/0 T_0.6, 9;
 ; End of false expr.
    %blend;
T_0.6;
    %jmp/0 T_0.3, 8;
 ; End of false expr.
    %blend;
T_0.3;
    %assign/vec4 v0x5ec1f96589d0_0, 0;
    %load/vec4 v0x5ec1f965a730_0;
    %flag_set/vec4 8;
    %jmp/1 T_0.9, 8;
    %load/vec4 v0x5ec1f9658910_0;
    %flag_set/vec4 9;
    %flag_or 8, 9;
T_0.9;
    %jmp/0 T_0.7, 8;
    %pushi/vec4 0, 0, 18;
    %jmp/1 T_0.8, 8;
T_0.7 ; End of true expr.
    %load/vec4 v0x5ec1f965a8d0_0;
    %flag_set/vec4 9;
    %jmp/0 T_0.10, 9;
    %load/vec4 v0x5ec1f9658ff0_0;
    %jmp/1 T_0.11, 9;
T_0.10 ; End of true expr.
    %load/vec4 v0x5ec1f96589d0_0;
    %jmp/0 T_0.11, 9;
 ; End of false expr.
    %blend;
T_0.11;
    %jmp/0 T_0.8, 8;
 ; End of false expr.
    %blend;
T_0.8;
    %assign/vec4 v0x5ec1f9658b90_0, 0;
    %load/vec4 v0x5ec1f965a730_0;
    %flag_set/vec4 8;
    %jmp/1 T_0.14, 8;
    %load/vec4 v0x5ec1f9658910_0;
    %flag_set/vec4 9;
    %flag_or 8, 9;
T_0.14;
    %jmp/0 T_0.12, 8;
    %pushi/vec4 0, 0, 18;
    %jmp/1 T_0.13, 8;
T_0.12 ; End of true expr.
    %load/vec4 v0x5ec1f965a8d0_0;
    %flag_set/vec4 9;
    %jmp/0 T_0.15, 9;
    %load/vec4 v0x5ec1f96590d0_0;
    %jmp/1 T_0.16, 9;
T_0.15 ; End of true expr.
    %load/vec4 v0x5ec1f96589d0_0;
    %jmp/0 T_0.16, 9;
 ; End of false expr.
    %blend;
T_0.16;
    %jmp/0 T_0.13, 8;
 ; End of false expr.
    %blend;
T_0.13;
    %assign/vec4 v0x5ec1f9658d50_0, 0;
    %load/vec4 v0x5ec1f965a730_0;
    %flag_set/vec4 8;
    %jmp/1 T_0.19, 8;
    %load/vec4 v0x5ec1f9658910_0;
    %flag_set/vec4 9;
    %flag_or 8, 9;
T_0.19;
    %jmp/0 T_0.17, 8;
    %pushi/vec4 0, 0, 32;
    %jmp/1 T_0.18, 8;
T_0.17 ; End of true expr.
    %load/vec4 v0x5ec1f965a8d0_0;
    %flag_set/vec4 9;
    %jmp/0 T_0.20, 9;
    %load/vec4 v0x5ec1f96591b0_0;
    %load/vec4 v0x5ec1f9659290_0;
    %add;
    %load/vec4 v0x5ec1f9659530_0;
    %ix/load 4, 2, 0;
    %flag_set/imm 4, 0;
    %shiftl 4;
    %add;
    %jmp/1 T_0.21, 9;
T_0.20 ; End of true expr.
    %load/vec4 v0x5ec1f96596f0_0;
    %pad/u 32;
    %jmp/0 T_0.21, 9;
 ; End of false expr.
    %blend;
T_0.21;
    %jmp/0 T_0.18, 8;
 ; End of false expr.
    %blend;
T_0.18;
    %pad/u 18;
    %assign/vec4 v0x5ec1f96596f0_0, 0;
    %load/vec4 v0x5ec1f965a730_0;
    %flag_set/vec4 8;
    %jmp/1 T_0.24, 8;
    %load/vec4 v0x5ec1f9658910_0;
    %flag_set/vec4 9;
    %flag_or 8, 9;
T_0.24;
    %jmp/0 T_0.22, 8;
    %pushi/vec4 0, 0, 9;
    %jmp/1 T_0.23, 8;
T_0.22 ; End of true expr.
    %load/vec4 v0x5ec1f965a8d0_0;
    %flag_set/vec4 9;
    %jmp/0 T_0.25, 9;
    %load/vec4 v0x5ec1f9658670_0;
    %addi 1, 0, 9;
    %jmp/1 T_0.26, 9;
T_0.25 ; End of true expr.
    %load/vec4 v0x5ec1f9658670_0;
    %jmp/0 T_0.26, 9;
 ; End of false expr.
    %blend;
T_0.26;
    %jmp/0 T_0.23, 8;
 ; End of false expr.
    %blend;
T_0.23;
    %assign/vec4 v0x5ec1f9658670_0, 0;
    %load/vec4 v0x5ec1f965a730_0;
    %flag_set/vec4 8;
    %jmp/1 T_0.29, 8;
    %load/vec4 v0x5ec1f9658910_0;
    %flag_set/vec4 9;
    %flag_or 8, 9;
T_0.29;
    %jmp/0 T_0.27, 8;
    %pushi/vec4 0, 0, 32;
    %jmp/1 T_0.28, 8;
T_0.27 ; End of true expr.
    %load/vec4 v0x5ec1f965a8d0_0;
    %flag_set/vec4 10;
    %flag_get/vec4 10;
    %jmp/0 T_0.32, 10;
    %load/vec4 v0x5ec1f962f730_0;
    %and;
T_0.32;
    %flag_set/vec4 9;
    %jmp/0 T_0.30, 9;
    %load/vec4 v0x5ec1f9659970_0;
    %parti/s 31, 0, 2;
    %load/vec4 v0x5ec1f96598b0_0;
    %concat/vec4; draw_concat_vec4
    %jmp/1 T_0.31, 9;
T_0.30 ; End of true expr.
    %load/vec4 v0x5ec1f9659970_0;
    %jmp/0 T_0.31, 9;
 ; End of false expr.
    %blend;
T_0.31;
    %jmp/0 T_0.28, 8;
 ; End of false expr.
    %blend;
T_0.28;
    %assign/vec4 v0x5ec1f9659970_0, 0;
    %load/vec4 v0x5ec1f965a730_0;
    %flag_set/vec4 8;
    %jmp/1 T_0.35, 8;
    %load/vec4 v0x5ec1f9658910_0;
    %flag_set/vec4 9;
    %flag_or 8, 9;
T_0.35;
    %jmp/0 T_0.33, 8;
    %pushi/vec4 0, 0, 32;
    %jmp/1 T_0.34, 8;
T_0.33 ; End of true expr.
    %load/vec4 v0x5ec1f965a8d0_0;
    %flag_set/vec4 10;
    %flag_get/vec4 10;
    %jmp/0 T_0.38, 10;
    %load/vec4 v0x5ec1f9632890_0;
    %and;
T_0.38;
    %flag_set/vec4 9;
    %jmp/0 T_0.36, 9;
    %load/vec4 v0x5ec1f9659a50_0;
    %parti/s 31, 0, 2;
    %load/vec4 v0x5ec1f96598b0_0;
    %concat/vec4; draw_concat_vec4
    %jmp/1 T_0.37, 9;
T_0.36 ; End of true expr.
    %load/vec4 v0x5ec1f9659a50_0;
    %jmp/0 T_0.37, 9;
 ; End of false expr.
    %blend;
T_0.37;
    %jmp/0 T_0.34, 8;
 ; End of false expr.
    %blend;
T_0.34;
    %assign/vec4 v0x5ec1f9659a50_0, 0;
    %load/vec4 v0x5ec1f965a730_0;
    %flag_set/vec4 8;
    %jmp/1 T_0.41, 8;
    %load/vec4 v0x5ec1f9658910_0;
    %flag_set/vec4 9;
    %flag_or 8, 9;
T_0.41;
    %jmp/0 T_0.39, 8;
    %pushi/vec4 0, 0, 32;
    %jmp/1 T_0.40, 8;
T_0.39 ; End of true expr.
    %load/vec4 v0x5ec1f965a8d0_0;
    %flag_set/vec4 10;
    %flag_get/vec4 10;
    %jmp/0 T_0.44, 10;
    %load/vec4 v0x5ec1f9633a60_0;
    %and;
T_0.44;
    %flag_set/vec4 9;
    %jmp/0 T_0.42, 9;
    %load/vec4 v0x5ec1f9659b30_0;
    %parti/s 31, 0, 2;
    %load/vec4 v0x5ec1f96598b0_0;
    %concat/vec4; draw_concat_vec4
    %jmp/1 T_0.43, 9;
T_0.42 ; End of true expr.
    %load/vec4 v0x5ec1f9659b30_0;
    %jmp/0 T_0.43, 9;
 ; End of false expr.
    %blend;
T_0.43;
    %jmp/0 T_0.40, 8;
 ; End of false expr.
    %blend;
T_0.40;
    %assign/vec4 v0x5ec1f9659b30_0, 0;
    %load/vec4 v0x5ec1f965a730_0;
    %flag_set/vec4 8;
    %jmp/1 T_0.47, 8;
    %load/vec4 v0x5ec1f9658910_0;
    %flag_set/vec4 9;
    %flag_or 8, 9;
T_0.47;
    %jmp/0 T_0.45, 8;
    %pushi/vec4 0, 0, 32;
    %jmp/1 T_0.46, 8;
T_0.45 ; End of true expr.
    %load/vec4 v0x5ec1f965a8d0_0;
    %flag_set/vec4 10;
    %flag_get/vec4 10;
    %jmp/0 T_0.50, 10;
    %load/vec4 v0x5ec1f962f730_0;
    %and;
T_0.50;
    %flag_set/vec4 9;
    %jmp/0 T_0.48, 9;
    %load/vec4 v0x5ec1f9659cd0_0;
    %parti/s 31, 0, 2;
    %load/vec4 v0x5ec1f9659c10_0;
    %concat/vec4; draw_concat_vec4
    %jmp/1 T_0.49, 9;
T_0.48 ; End of true expr.
    %load/vec4 v0x5ec1f9659cd0_0;
    %jmp/0 T_0.49, 9;
 ; End of false expr.
    %blend;
T_0.49;
    %jmp/0 T_0.46, 8;
 ; End of false expr.
    %blend;
T_0.46;
    %assign/vec4 v0x5ec1f9659cd0_0, 0;
    %load/vec4 v0x5ec1f965a730_0;
    %flag_set/vec4 8;
    %jmp/1 T_0.53, 8;
    %load/vec4 v0x5ec1f9658910_0;
    %flag_set/vec4 9;
    %flag_or 8, 9;
T_0.53;
    %jmp/0 T_0.51, 8;
    %pushi/vec4 0, 0, 32;
    %jmp/1 T_0.52, 8;
T_0.51 ; End of true expr.
    %load/vec4 v0x5ec1f965a8d0_0;
    %flag_set/vec4 10;
    %flag_get/vec4 10;
    %jmp/0 T_0.56, 10;
    %load/vec4 v0x5ec1f9632890_0;
    %and;
T_0.56;
    %flag_set/vec4 9;
    %jmp/0 T_0.54, 9;
    %load/vec4 v0x5ec1f9659db0_0;
    %parti/s 31, 0, 2;
    %load/vec4 v0x5ec1f9659c10_0;
    %concat/vec4; draw_concat_vec4
    %jmp/1 T_0.55, 9;
T_0.54 ; End of true expr.
    %load/vec4 v0x5ec1f9659db0_0;
    %jmp/0 T_0.55, 9;
 ; End of false expr.
    %blend;
T_0.55;
    %jmp/0 T_0.52, 8;
 ; End of false expr.
    %blend;
T_0.52;
    %assign/vec4 v0x5ec1f9659db0_0, 0;
    %load/vec4 v0x5ec1f965a730_0;
    %flag_set/vec4 8;
    %jmp/1 T_0.59, 8;
    %load/vec4 v0x5ec1f9658910_0;
    %flag_set/vec4 9;
    %flag_or 8, 9;
T_0.59;
    %jmp/0 T_0.57, 8;
    %pushi/vec4 0, 0, 32;
    %jmp/1 T_0.58, 8;
T_0.57 ; End of true expr.
    %load/vec4 v0x5ec1f965a8d0_0;
    %flag_set/vec4 10;
    %flag_get/vec4 10;
    %jmp/0 T_0.62, 10;
    %load/vec4 v0x5ec1f9633a60_0;
    %and;
T_0.62;
    %flag_set/vec4 9;
    %jmp/0 T_0.60, 9;
    %load/vec4 v0x5ec1f9659e90_0;
    %parti/s 31, 0, 2;
    %load/vec4 v0x5ec1f9659c10_0;
    %concat/vec4; draw_concat_vec4
    %jmp/1 T_0.61, 9;
T_0.60 ; End of true expr.
    %load/vec4 v0x5ec1f9659e90_0;
    %jmp/0 T_0.61, 9;
 ; End of false expr.
    %blend;
T_0.61;
    %jmp/0 T_0.58, 8;
 ; End of false expr.
    %blend;
T_0.58;
    %assign/vec4 v0x5ec1f9659e90_0, 0;
T_0.1 ;
    %jmp T_0;
    .thread T_0;
    .scope S_0x5ec1f95d9930;
T_1 ;
    %pushi/vec4 0, 0, 1;
    %store/vec4 v0x5ec1f965ac50_0, 0, 1;
    %end;
    .thread T_1;
    .scope S_0x5ec1f95d9930;
T_2 ;
    %delay 5000, 0;
    %load/vec4 v0x5ec1f965ac50_0;
    %inv;
    %store/vec4 v0x5ec1f965ac50_0, 0, 1;
    %jmp T_2;
    .thread T_2;
    .scope S_0x5ec1f95d9930;
T_3 ;
    %vpi_call/w 3 58 "$display", "---- Starting BDU Sanity Test ----" {0 0 0};
    %pushi/vec4 1, 0, 1;
    %store/vec4 v0x5ec1f965b4f0_0, 0, 1;
    %pushi/vec4 0, 0, 1;
    %store/vec4 v0x5ec1f965b760_0, 0, 1;
    %pushi/vec4 0, 0, 1;
    %store/vec4 v0x5ec1f965b040_0, 0, 1;
    %pushi/vec4 0, 0, 1;
    %store/vec4 v0x5ec1f965b1b0_0, 0, 1;
    %pushi/vec4 0, 0, 2;
    %store/vec4 v0x5ec1f965acf0_0, 0, 2;
    %pushi/vec4 0, 0, 6;
    %store/vec4 v0x5ec1f965ab70_0, 0, 6;
    %pushi/vec4 13, 0, 32;
    %store/vec4 v0x5ec1f965b690_0, 0, 32;
    %wait E_0x5ec1f95f9bb0;
    %vpi_call/w 3 68 "$display", "Cycle reset | code=%b q_bit=%b r_bit=%b | terminate=%b done=%b partial_dist=%0d debug=%b", v0x5ec1f965acf0_0, v0x5ec1f965b040_0, v0x5ec1f965b1b0_0, v0x5ec1f965b5c0_0, v0x5ec1f965ae30_0, v0x5ec1f965aed0_0, v0x5ec1f965ad90_0 {0 0 0};
    %pushi/vec4 3, 0, 32;
T_3.0 %dup/vec4;
    %pushi/vec4 0, 0, 32;
    %cmp/s;
    %jmp/1xz T_3.1, 5;
    %jmp/1 T_3.1, 4;
    %pushi/vec4 1, 0, 32;
    %sub;
    %wait E_0x5ec1f95fbe90;
    %jmp T_3.0;
T_3.1 ;
    %pop/vec4 1;
    %pushi/vec4 0, 0, 1;
    %store/vec4 v0x5ec1f965b4f0_0, 0, 1;
    %wait E_0x5ec1f95fbe90;
    %pushi/vec4 1, 0, 1;
    %store/vec4 v0x5ec1f965b760_0, 0, 1;
    %pushi/vec4 65533, 0, 32;
    %store/vec4 v0x5ec1f965afa0_0, 0, 32;
    %pushi/vec4 65535, 0, 32;
    %store/vec4 v0x5ec1f965b110_0, 0, 32;
    %fork t_1, S_0x5ec1f9627720;
    %jmp t_0;
    .scope S_0x5ec1f9627720;
t_1 ;
    %pushi/vec4 0, 0, 32;
    %store/vec4 v0x5ec1f962f460_0, 0, 32;
T_3.2 ;
    %load/vec4 v0x5ec1f962f460_0;
    %cmpi/s 96, 0, 32;
    %jmp/0xz T_3.3, 5;
    %load/vec4 v0x5ec1f962f460_0;
    %pushi/vec4 3, 0, 32;
    %mod/s;
    %dup/vec4;
    %pushi/vec4 0, 0, 32;
    %cmp/u;
    %jmp/1 T_3.4, 6;
    %dup/vec4;
    %pushi/vec4 1, 0, 32;
    %cmp/u;
    %jmp/1 T_3.5, 6;
    %dup/vec4;
    %pushi/vec4 2, 0, 32;
    %cmp/u;
    %jmp/1 T_3.6, 6;
    %jmp T_3.7;
T_3.4 ;
    %pushi/vec4 1, 0, 2;
    %store/vec4 v0x5ec1f965acf0_0, 0, 2;
    %jmp T_3.7;
T_3.5 ;
    %pushi/vec4 2, 0, 2;
    %store/vec4 v0x5ec1f965acf0_0, 0, 2;
    %jmp T_3.7;
T_3.6 ;
    %pushi/vec4 3, 0, 2;
    %store/vec4 v0x5ec1f965acf0_0, 0, 2;
    %jmp T_3.7;
T_3.7 ;
    %pop/vec4 1;
    %load/vec4 v0x5ec1f965afa0_0;
    %pushi/vec4 31, 0, 32;
    %load/vec4 v0x5ec1f962f460_0;
    %pushi/vec4 3, 0, 32;
    %div/s;
    %sub;
    %part/s 1;
    %store/vec4 v0x5ec1f965b040_0, 0, 1;
    %load/vec4 v0x5ec1f965b110_0;
    %pushi/vec4 31, 0, 32;
    %load/vec4 v0x5ec1f962f460_0;
    %pushi/vec4 3, 0, 32;
    %div/s;
    %sub;
    %part/s 1;
    %store/vec4 v0x5ec1f965b1b0_0, 0, 1;
    %load/vec4 v0x5ec1f962f460_0;
    %pushi/vec4 3, 0, 32;
    %div/s;
    %addi 1, 0, 32;
    %pad/s 6;
    %store/vec4 v0x5ec1f965ab70_0, 0, 6;
    %wait E_0x5ec1f95fbe90;
    %vpi_call/w 3 94 "$display", "Cycle %0d | code=%b q_bit=%b r_bit=%b | terminate=%b done=%b partial_dist=%0d debug=%d, b=%d", v0x5ec1f962f460_0, v0x5ec1f965acf0_0, v0x5ec1f965b040_0, v0x5ec1f965b1b0_0, v0x5ec1f965b5c0_0, v0x5ec1f965ae30_0, v0x5ec1f965aed0_0, v0x5ec1f965ad90_0, v0x5ec1f965ab70_0 {0 0 0};
    %load/vec4 v0x5ec1f965b5c0_0;
    %flag_set/vec4 8;
    %jmp/0xz  T_3.8, 8;
    %vpi_call/w 3 97 "$finish" {0 0 0};
T_3.8 ;
    ; show_stmt_assign_vector: Get l-value for compressed += operand
    %load/vec4 v0x5ec1f962f460_0;
    %pushi/vec4 1, 0, 32;
    %add;
    %cast2;
    %store/vec4 v0x5ec1f962f460_0, 0, 32;
    %jmp T_3.2;
T_3.3 ;
    %end;
    .scope S_0x5ec1f95d9930;
t_0 %join;
    %pushi/vec4 0, 0, 1;
    %store/vec4 v0x5ec1f965b760_0, 0, 1;
    %wait E_0x5ec1f95fbe90;
    %vpi_call/w 3 104 "$display", "Cycle end | code=%b q_bit=%b r_bit=%b | terminate=%b done=%b partial_dist=%0d r_x=%b debug=%d, b=%d", v0x5ec1f965acf0_0, v0x5ec1f965b040_0, v0x5ec1f965b1b0_0, v0x5ec1f965b5c0_0, v0x5ec1f965ae30_0, v0x5ec1f965aed0_0, v0x5ec1f965b280_0, v0x5ec1f965ad90_0, v0x5ec1f965ab70_0 {0 0 0};
    %pushi/vec4 10, 0, 32;
T_3.10 %dup/vec4;
    %pushi/vec4 0, 0, 32;
    %cmp/s;
    %jmp/1xz T_3.11, 5;
    %jmp/1 T_3.11, 4;
    %pushi/vec4 1, 0, 32;
    %sub;
    %wait E_0x5ec1f95fbe90;
    %jmp T_3.10;
T_3.11 ;
    %pop/vec4 1;
    %vpi_call/w 3 108 "$display", "---- Simulation Complete ----" {0 0 0};
    %vpi_call/w 3 109 "$finish" {0 0 0};
    %end;
    .thread T_3;
# The file index is used to find the file name in the following table.
:file_names 5;
    "N/A";
    "<interactive>";
    "-";
    "BDU_test.sv";
    "BDU.sv";
